<?xml version="1.0" encoding="UTF-8"?>
<!-- Generated by org.testng.reporters.JUnitXMLReporter -->
<testsuite ignored="0" hostname="home" failures="6" tests="20" name="Surefire test" time="0.052" errors="0" timestamp="13 нояб. 2018 10:22:31 GMT">
  <testcase classname="com.test.classes.TestPen" name="testPenDoSomethingElse_ShouldDoSomethingElse" time="0.008"/>
  <testcase classname="com.test.classes.TestPen" name="testPenDoSomethingElse_ShouldDoSomethingElse1" time="0.003">
    <failure type="java.lang.AssertionError" message="expected [] but found [BLUE]">
      <![CDATA[java.lang.AssertionError: expected [] but found [BLUE]
at com.test.classes.TestPen.testPenDoSomethingElse_ShouldDoSomethingElse1(TestPen.java:140)
... Removed 36 stack frames]]>
    </failure>
  </testcase> <!-- testPenDoSomethingElse_ShouldDoSomethingElse1 -->
  <testcase classname="com.test.classes.TestPen" name="testPenGetColor_ShouldPrintRightColor" time="0.001">
    <failure type="java.lang.AssertionError" message="expected [ORANGE] but found [BLUE]">
      <![CDATA[java.lang.AssertionError: expected [ORANGE] but found [BLUE]
at com.test.classes.TestPen.testPenGetColor_ShouldPrintRightColor(TestPen.java:156)
... Removed 36 stack frames]]>
    </failure>
  </testcase> <!-- testPenGetColor_ShouldPrintRightColor -->
  <testcase classname="com.test.classes.TestPen" name="testPenGetColor_ShouldPrintRightColor" time="0.0">
    <failure type="java.lang.AssertionError" message="expected [] but found [BLUE]">
      <![CDATA[java.lang.AssertionError: expected [] but found [BLUE]
at com.test.classes.TestPen.testPenGetColor_ShouldPrintRightColor(TestPen.java:156)
... Removed 36 stack frames]]>
    </failure>
  </testcase> <!-- testPenGetColor_ShouldPrintRightColor -->
  <testcase classname="com.test.classes.TestPen" name="testPenIsWork_IsPenWork" time="0.0"/>
  <testcase classname="com.test.classes.TestPen" name="testPenIsWork_IsPenWorkIfContEmpty" time="0.0"/>
  <testcase classname="com.test.classes.TestPen" name="testPenIsWork_IsPenWorkIfContEmpty" time="0.0"/>
  <testcase classname="com.test.classes.TestPen" name="testPenWrite_ShouldWriteAnything" time="0.0">
    <failure type="java.lang.AssertionError" message="expected [] but found [qw]">
      <![CDATA[java.lang.AssertionError: expected [] but found [qw]
at com.test.classes.TestPen.testPenWrite_ShouldWriteAnything(TestPen.java:177)
... Removed 36 stack frames]]>
    </failure>
  </testcase> <!-- testPenWrite_ShouldWriteAnything -->
  <testcase classname="com.test.classes.TestPen" name="testPenWrite_ShouldWriteAnything" time="0.0"/>
  <testcase classname="com.test.classes.TestPen" name="testPenWrite_ShouldWriteAnything" time="0.0"/>
  <testcase classname="com.test.classes.TestPen" name="testPenWrite_ShouldWriteAnything" time="0.0">
    <failure type="java.lang.AssertionError" message="expected [] but found [qwqwqw]">
      <![CDATA[java.lang.AssertionError: expected [] but found [qwqwqw]
at com.test.classes.TestPen.testPenWrite_ShouldWriteAnything(TestPen.java:177)
... Removed 36 stack frames]]>
    </failure>
  </testcase> <!-- testPenWrite_ShouldWriteAnything -->
  <testcase classname="com.test.classes.TestPen" name="testPenWrite_ShouldWriteAnything" time="0.0">
    <failure type="java.lang.AssertionError" message="expected [] but found [qw]">
      <![CDATA[java.lang.AssertionError: expected [] but found [qw]
at com.test.classes.TestPen.testPenWrite_ShouldWriteAnything(TestPen.java:177)
... Removed 36 stack frames]]>
    </failure>
  </testcase> <!-- testPenWrite_ShouldWriteAnything -->
  <testcase classname="com.test.classes.TestPen" name="testPenWrite_ShouldWriteAnything" time="0.0"/>
  <testcase classname="com.test.classes.TestPen" name="testPenWrite_ShouldWriteAnything" time="0.0"/>
  <testcase classname="com.test.classes.TestPen" name="testPen_constructorWithOneParameter" time="0.0"/>
  <testcase classname="com.test.classes.TestPen" name="testPen_constructorWithThreeParameter1" time="0.0"/>
  <testcase classname="com.test.classes.TestPen" name="testPen_constructorWithThreeParameter2" time="0.0"/>
  <testcase classname="com.test.classes.TestPen" name="testPen_constructorWithThreeParameter3" time="0.001"/>
  <testcase classname="com.test.classes.TestPen" name="testPen_constructorWithTwoParameter1" time="0.0"/>
  <testcase classname="com.test.classes.TestPen" name="testPen_constructorWithTwoParameter2" time="0.0"/>
</testsuite> <!-- Surefire test -->
